15:29:59,239 INFO  [Main] =========== STARTING UNO APP v.3.0 ===========
15:29:59,249 INFO  [Server] Server created with JavaFX GRAPHICS view
15:29:59,269 INFO  [Server] New game started
15:29:59,647 INFO  [JavaFxApplication] Loading JavaFX welcome screen from file : "welcome.fxml"
15:30:22,610 INFO  [Main] =========== STARTING UNO APP v.3.0 ===========
15:30:22,660 INFO  [Server] Server created with JavaFX GRAPHICS view
15:30:22,684 INFO  [Server] New game started
15:30:23,103 INFO  [JavaFxApplication] Loading JavaFX welcome screen from file : "welcome.fxml"
15:42:33,110 INFO  [Main] =========== STARTING UNO APP v.3.0 ===========
15:42:33,116 ERROR [Main] It appears you're not using a correct version of "jfxrt.jar"
15:42:33,116 ERROR [Main] Please fix your java build path in order to run the program
15:42:33,116 ERROR [Main]     |--  Detected : java.specification.version : "1.7"
15:42:33,116 ERROR [Main]     |--  Detected : java.version : "1.7.0_25"
15:42:33,117 ERROR [Main]     |--  Detected : java.runtime.version : "1.7.0_25-b17"
15:42:33,117 ERROR [Main]     |--  Detected : sun.arch.data.model : "64 bits"
15:42:33,117 ERROR [Main]         [PROGRAM TERMINATED]        
15:42:33,117 ERROR [Main] 
15:43:15,134 INFO  [Main] =========== STARTING UNO APP v.3.0 ===========
15:43:15,144 INFO  [Server] Server created with JavaFX GRAPHICS view
15:43:15,164 INFO  [Server] New game started
15:43:15,457 INFO  [JavaFxApplication] Loading JavaFX welcome screen from file : "welcome.fxml"
15:43:17,827 INFO  [FXMLControllerWelcomeScreen] User using configuration file, data now be loaded if correct
15:43:17,827 INFO  [FXMLControllerWelcomeScreen] Loading JavaFX summary screen from file : "summary.fxml"
15:43:17,999 WARN  [FXMLControllerTeamDisplayScreen] Reaching critical zone
15:43:18,000 WARN  [FXMLControllerTeamDisplayScreen] adding label
15:43:18,000 WARN  [FXMLControllerTeamDisplayScreen] creating modal
15:43:18,001 WARN  [FXMLControllerTeamDisplayScreen] adding hyperlink
15:43:18,001 ERROR [FXMLControllerTeamDisplayScreen] [ERROR] Configuration file is invalid : please refer to the readMe to see how to fill it properly
15:43:18,002 ERROR [FXMLControllerTeamDisplayScreen] Setup screen will now be loaded to be able to create a game
